2021-03-05 11:48:35.780  INFO 8165 --- [restartedMain] com.rab3tech.SpringBootRunner            : Starting SpringBootRunner on Rudras-MacBook-Air.local with PID 8165 (/Users/rudrasapkota/git/cubic-bank/cubic-bank/cubic-bank/cubic-bank/banking-web/target/classes started by rudrasapkota in /Users/rudrasapkota/git/cubic-bank/cubic-bank/cubic-bank/cubic-bank/banking-web)
2021-03-05 11:48:35.783  INFO 8165 --- [restartedMain] com.rab3tech.SpringBootRunner            : No active profile set, falling back to default profiles: default
2021-03-05 11:48:36.128  INFO 8165 --- [restartedMain] ConfigServletWebServerApplicationContext : Refreshing org.springframework.boot.web.servlet.context.AnnotationConfigServletWebServerApplicationContext@3f23b096: startup date [Fri Mar 05 11:48:36 EST 2021]; root of context hierarchy
2021-03-05 11:48:39.656  INFO 8165 --- [restartedMain] trationDelegate$BeanPostProcessorChecker : Bean 'org.springframework.transaction.annotation.ProxyTransactionManagementConfiguration' of type [org.springframework.transaction.annotation.ProxyTransactionManagementConfiguration$$EnhancerBySpringCGLIB$$9fefce33] is not eligible for getting processed by all BeanPostProcessors (for example: not eligible for auto-proxying)
2021-03-05 11:48:40.036  INFO 8165 --- [restartedMain] trationDelegate$BeanPostProcessorChecker : Bean 'org.springframework.security.config.annotation.configuration.ObjectPostProcessorConfiguration' of type [org.springframework.security.config.annotation.configuration.ObjectPostProcessorConfiguration$$EnhancerBySpringCGLIB$$389d966d] is not eligible for getting processed by all BeanPostProcessors (for example: not eligible for auto-proxying)
2021-03-05 11:48:40.056  INFO 8165 --- [restartedMain] trationDelegate$BeanPostProcessorChecker : Bean 'objectPostProcessor' of type [org.springframework.security.config.annotation.configuration.AutowireBeanFactoryObjectPostProcessor] is not eligible for getting processed by all BeanPostProcessors (for example: not eligible for auto-proxying)
2021-03-05 11:48:40.061  INFO 8165 --- [restartedMain] trationDelegate$BeanPostProcessorChecker : Bean 'org.springframework.security.access.expression.method.DefaultMethodSecurityExpressionHandler@52482424' of type [org.springframework.security.access.expression.method.DefaultMethodSecurityExpressionHandler] is not eligible for getting processed by all BeanPostProcessors (for example: not eligible for auto-proxying)
2021-03-05 11:48:40.082  INFO 8165 --- [restartedMain] trationDelegate$BeanPostProcessorChecker : Bean 'org.springframework.security.config.annotation.method.configuration.GlobalMethodSecurityConfiguration' of type [org.springframework.security.config.annotation.method.configuration.GlobalMethodSecurityConfiguration$$EnhancerBySpringCGLIB$$5d72391f] is not eligible for getting processed by all BeanPostProcessors (for example: not eligible for auto-proxying)
2021-03-05 11:48:40.108  INFO 8165 --- [restartedMain] trationDelegate$BeanPostProcessorChecker : Bean 'methodSecurityMetadataSource' of type [org.springframework.security.access.method.DelegatingMethodSecurityMetadataSource] is not eligible for getting processed by all BeanPostProcessors (for example: not eligible for auto-proxying)
2021-03-05 11:48:40.860  INFO 8165 --- [restartedMain] o.s.b.w.embedded.tomcat.TomcatWebServer  : Tomcat initialized with port(s): 9999 (http)
2021-03-05 11:48:40.897  INFO 8165 --- [restartedMain] o.apache.catalina.core.StandardService   : Starting service [Tomcat]
2021-03-05 11:48:40.898  INFO 8165 --- [restartedMain] org.apache.catalina.core.StandardEngine  : Starting Servlet Engine: Apache Tomcat/8.5.34
2021-03-05 11:48:40.911  INFO 8165 --- [localhost-startStop-1] o.a.catalina.core.AprLifecycleListener   : The APR based Apache Tomcat Native library which allows optimal performance in production environments was not found on the java.library.path: [/Users/rudrasapkota/Library/Java/Extensions:/Library/Java/Extensions:/Network/Library/Java/Extensions:/System/Library/Java/Extensions:/usr/lib/java:.]
2021-03-05 11:48:41.041  INFO 8165 --- [localhost-startStop-1] o.a.c.c.C.[Tomcat].[localhost].[/]       : Initializing Spring embedded WebApplicationContext
2021-03-05 11:48:41.041  INFO 8165 --- [localhost-startStop-1] o.s.web.context.ContextLoader            : Root WebApplicationContext: initialization completed in 4913 ms
2021-03-05 11:48:42.795  INFO 8165 --- [localhost-startStop-1] o.s.b.w.servlet.FilterRegistrationBean   : Mapping filter: 'characterEncodingFilter' to: [/*]
2021-03-05 11:48:42.797  INFO 8165 --- [localhost-startStop-1] o.s.b.w.servlet.FilterRegistrationBean   : Mapping filter: 'webMvcMetricsFilter' to: [/*]
2021-03-05 11:48:42.797  INFO 8165 --- [localhost-startStop-1] o.s.b.w.servlet.FilterRegistrationBean   : Mapping filter: 'hiddenHttpMethodFilter' to: [/*]
2021-03-05 11:48:42.798  INFO 8165 --- [localhost-startStop-1] o.s.b.w.servlet.FilterRegistrationBean   : Mapping filter: 'httpPutFormContentFilter' to: [/*]
2021-03-05 11:48:42.798  INFO 8165 --- [localhost-startStop-1] o.s.b.w.servlet.FilterRegistrationBean   : Mapping filter: 'requestContextFilter' to: [/*]
2021-03-05 11:48:42.798  INFO 8165 --- [localhost-startStop-1] .s.DelegatingFilterProxyRegistrationBean : Mapping filter: 'springSecurityFilterChain' to: [/*]
2021-03-05 11:48:42.798  INFO 8165 --- [localhost-startStop-1] o.s.b.w.servlet.FilterRegistrationBean   : Mapping filter: 'httpTraceFilter' to: [/*]
2021-03-05 11:48:42.799  INFO 8165 --- [localhost-startStop-1] o.s.b.w.servlet.ServletRegistrationBean  : Servlet dispatcherServlet mapped to [/]
2021-03-05 11:48:42.966  INFO 8165 --- [restartedMain] com.zaxxer.hikari.HikariDataSource       : HikariPool-1 - Starting...
2021-03-05 11:48:43.322  INFO 8165 --- [restartedMain] com.zaxxer.hikari.HikariDataSource       : HikariPool-1 - Start completed.
2021-03-05 11:48:43.413  INFO 8165 --- [restartedMain] j.LocalContainerEntityManagerFactoryBean : Building JPA container EntityManagerFactory for persistence unit 'default'
2021-03-05 11:48:43.445  INFO 8165 --- [restartedMain] o.hibernate.jpa.internal.util.LogHelper  : HHH000204: Processing PersistenceUnitInfo [
	name: default
	...]
2021-03-05 11:48:43.677  INFO 8165 --- [restartedMain] org.hibernate.Version                    : HHH000412: Hibernate Core {5.2.17.Final}
2021-03-05 11:48:43.681  INFO 8165 --- [restartedMain] org.hibernate.cfg.Environment            : HHH000206: hibernate.properties not found
2021-03-05 11:48:43.746  INFO 8165 --- [restartedMain] o.hibernate.annotations.common.Version   : HCANN000001: Hibernate Commons Annotations {5.0.1.Final}
2021-03-05 11:48:43.957  INFO 8165 --- [restartedMain] org.hibernate.dialect.Dialect            : HHH000400: Using dialect: org.hibernate.dialect.MySQL5InnoDBDialect
2021-03-05 11:48:45.384  INFO 8165 --- [restartedMain] j.LocalContainerEntityManagerFactoryBean : Initialized JPA EntityManagerFactory for persistence unit 'default'
2021-03-05 11:48:46.426  INFO 8165 --- [restartedMain] o.h.h.i.QueryTranslatorFactoryInitiator  : HHH000397: Using ASTQueryTranslatorFactory
2021-03-05 11:48:48.763  WARN 8165 --- [restartedMain] aWebConfiguration$JpaWebMvcConfiguration : spring.jpa.open-in-view is enabled by default. Therefore, database queries may be performed during view rendering. Explicitly configure spring.jpa.open-in-view to disable this warning
2021-03-05 11:48:48.914  INFO 8165 --- [restartedMain] s.w.s.m.m.a.RequestMappingHandlerMapping : Mapped "{[/admin/roles],methods=[GET]}" onto public java.lang.String com.rab3tech.admin.ui.controller.AdminUIController.showRoles(org.springframework.ui.Model)
2021-03-05 11:48:48.917  INFO 8165 --- [restartedMain] s.w.s.m.m.a.RequestMappingHandlerMapping : Mapped "{[/admin/deleteRole],methods=[GET]}" onto public java.lang.String com.rab3tech.admin.ui.controller.AdminUIController.deleteRole(int,org.springframework.ui.Model)
2021-03-05 11:48:48.921  INFO 8165 --- [restartedMain] s.w.s.m.m.a.RequestMappingHandlerMapping : Mapped "{[/admin/customers],methods=[GET]}" onto public java.lang.String com.rab3tech.admin.ui.controller.CustomerController.showCustomer(org.springframework.ui.Model)
2021-03-05 11:48:48.922  INFO 8165 --- [restartedMain] s.w.s.m.m.a.RequestMappingHandlerMapping : Mapped "{[/admin/customers/photo],methods=[GET]}" onto public void com.rab3tech.admin.ui.controller.CustomerController.findCustomerPhoto(int,javax.servlet.http.HttpServletResponse) throws java.io.IOException
2021-03-05 11:48:48.923  INFO 8165 --- [restartedMain] s.w.s.m.m.a.RequestMappingHandlerMapping : Mapped "{[/admin/updateCustomer],methods=[POST]}" onto public java.lang.String com.rab3tech.admin.ui.controller.CustomerController.updateCustomer(com.rab3tech.vo.CustomerUpdateVO,org.springframework.ui.Model) throws java.io.IOException
2021-03-05 11:48:48.925  INFO 8165 --- [restartedMain] s.w.s.m.m.a.RequestMappingHandlerMapping : Mapped "{[/admin/locations],methods=[GET]}" onto public java.lang.String com.rab3tech.admin.ui.controller.LocationController.showLocation(org.springframework.ui.Model)
2021-03-05 11:48:48.926  INFO 8165 --- [restartedMain] s.w.s.m.m.a.RequestMappingHandlerMapping : Mapped "{[/admin/locations],methods=[POST]}" onto public java.lang.String com.rab3tech.admin.ui.controller.LocationController.createLocation(com.rab3tech.vo.LocationVO,org.springframework.ui.Model) throws java.io.IOException
2021-03-05 11:48:48.928  INFO 8165 --- [restartedMain] s.w.s.m.m.a.RequestMappingHandlerMapping : Mapped "{[/admin/security/questions],methods=[GET]}" onto public java.lang.String com.rab3tech.admin.ui.controller.SecurityQuestionsController.showSecurityQuestions(org.springframework.ui.Model)
2021-03-05 11:48:48.929  INFO 8165 --- [restartedMain] s.w.s.m.m.a.RequestMappingHandlerMapping : Mapped "{[/admin/security/uquestion],methods=[GET]}" onto public java.lang.String com.rab3tech.admin.ui.controller.SecurityQuestionsController.updateSecurityQuestionStatus(java.lang.String,int,org.springframework.ui.Model)
2021-03-05 11:48:48.929  INFO 8165 --- [restartedMain] s.w.s.m.m.a.RequestMappingHandlerMapping : Mapped "{[/admin/add/question],methods=[POST]}" onto public java.lang.String com.rab3tech.admin.ui.controller.SecurityQuestionsController.addSecurityQuestion(java.lang.String,javax.servlet.http.HttpSession,org.springframework.ui.Model)
2021-03-05 11:48:48.933  INFO 8165 --- [restartedMain] s.w.s.m.m.a.RequestMappingHandlerMapping : Mapped "{[/employee/customers],methods=[GET]}" onto public java.lang.String com.rab3tech.customer.employee.controller.EmployeeUIController.showCustomer(org.springframework.ui.Model)
2021-03-05 11:48:48.934  INFO 8165 --- [restartedMain] s.w.s.m.m.a.RequestMappingHandlerMapping : Mapped "{[/customer/lock],methods=[GET]}" onto public java.lang.String com.rab3tech.customer.employee.controller.EmployeeUIController.customerLock(java.lang.String)
2021-03-05 11:48:48.935  INFO 8165 --- [restartedMain] s.w.s.m.m.a.RequestMappingHandlerMapping : Mapped "{[/customer/unlock],methods=[GET]}" onto public java.lang.String com.rab3tech.customer.employee.controller.EmployeeUIController.customerUnlock(java.lang.String)
2021-03-05 11:48:48.935  INFO 8165 --- [restartedMain] s.w.s.m.m.a.RequestMappingHandlerMapping : Mapped "{[/customer/deleteCustomer],methods=[GET]}" onto public java.lang.String com.rab3tech.customer.employee.controller.EmployeeUIController.deleteCustomer(java.lang.String,org.springframework.ui.Model)
2021-03-05 11:48:48.936  INFO 8165 --- [restartedMain] s.w.s.m.m.a.RequestMappingHandlerMapping : Mapped "{[/employee/customerList],methods=[GET]}" onto public java.lang.String com.rab3tech.customer.employee.controller.EmployeeUIController.showCustomerList(org.springframework.ui.Model)
2021-03-05 11:48:48.936  INFO 8165 --- [restartedMain] s.w.s.m.m.a.RequestMappingHandlerMapping : Mapped "{[/customers/account/approve],methods=[GET]}" onto public java.lang.String com.rab3tech.customer.employee.controller.EmployeeUIController.customerAccountApproveGet(int)
2021-03-05 11:48:48.936  INFO 8165 --- [restartedMain] s.w.s.m.m.a.RequestMappingHandlerMapping : Mapped "{[/customers/account/approve],methods=[POST]}" onto public java.lang.String com.rab3tech.customer.employee.controller.EmployeeUIController.customerAccountApprove(int)
2021-03-05 11:48:48.937  INFO 8165 --- [restartedMain] s.w.s.m.m.a.RequestMappingHandlerMapping : Mapped "{[/customer/accounts/approved],methods=[GET]}" onto public java.lang.String com.rab3tech.customer.employee.controller.EmployeeUIController.showCustomerAccountsApproved(org.springframework.ui.Model)
2021-03-05 11:48:48.937  INFO 8165 --- [restartedMain] s.w.s.m.m.a.RequestMappingHandlerMapping : Mapped "{[/customer/enquiries],methods=[GET]}" onto public java.lang.String com.rab3tech.customer.employee.controller.EmployeeUIController.showCustomerEnquiry(org.springframework.ui.Model)
2021-03-05 11:48:48.938  INFO 8165 --- [restartedMain] s.w.s.m.m.a.RequestMappingHandlerMapping : Mapped "{[/customers/enquiry/approve],methods=[POST]}" onto public java.lang.String com.rab3tech.customer.employee.controller.EmployeeUIController.customerEnquiryApprove(int,javax.servlet.http.HttpServletRequest)
2021-03-05 11:48:48.949  INFO 8165 --- [restartedMain] s.w.s.m.m.a.RequestMappingHandlerMapping : Mapped "{[/customer/sendAccountStmt],methods=[GET]}" onto public java.lang.String com.rab3tech.customer.ui.controller.CustomerUIController.customerSendAccountStmt(org.springframework.ui.Model,javax.servlet.http.HttpSession)
2021-03-05 11:48:48.950  INFO 8165 --- [restartedMain] s.w.s.m.m.a.RequestMappingHandlerMapping : Mapped "{[/customer/accountSummary],methods=[GET]}" onto public java.lang.String com.rab3tech.customer.ui.controller.CustomerUIController.customerAccountSummary(org.springframework.ui.Model,javax.servlet.http.HttpSession)
2021-03-05 11:48:48.950  INFO 8165 --- [restartedMain] s.w.s.m.m.a.RequestMappingHandlerMapping : Mapped "{[/customer/customerTransaction],methods=[GET]}" onto public java.lang.String com.rab3tech.customer.ui.controller.CustomerUIController.showCustomerTransaction(org.springframework.ui.Model,javax.servlet.http.HttpSession)
2021-03-05 11:48:48.951  INFO 8165 --- [restartedMain] s.w.s.m.m.a.RequestMappingHandlerMapping : Mapped "{[/customer/changePassword],methods=[POST]}" onto public java.lang.String com.rab3tech.customer.ui.controller.CustomerUIController.saveCustomerQuestions(com.rab3tech.vo.ChangePasswordVO,org.springframework.ui.Model,javax.servlet.http.HttpSession)
2021-03-05 11:48:48.952  INFO 8165 --- [restartedMain] s.w.s.m.m.a.RequestMappingHandlerMapping : Mapped "{[/customer/securityQuestion],methods=[POST]}" onto public java.lang.String com.rab3tech.customer.ui.controller.CustomerUIController.saveCustomerQuestions(com.rab3tech.vo.CustomerSecurityQueAnsVO,org.springframework.ui.Model,javax.servlet.http.HttpSession)
2021-03-05 11:48:48.953  INFO 8165 --- [restartedMain] s.w.s.m.m.a.RequestMappingHandlerMapping : Mapped "{[/customer/account/registration],methods=[GET]}" onto public java.lang.String com.rab3tech.customer.ui.controller.CustomerUIController.showCustomerRegistrationPage(java.lang.String,org.springframework.ui.Model)
2021-03-05 11:48:48.953  INFO 8165 --- [restartedMain] s.w.s.m.m.a.RequestMappingHandlerMapping : Mapped "{[/customer/account/registration],methods=[POST]}" onto public java.lang.String com.rab3tech.customer.ui.controller.CustomerUIController.createCustomer(com.rab3tech.vo.CustomerVO,org.springframework.ui.Model)
2021-03-05 11:48:48.954  INFO 8165 --- [restartedMain] s.w.s.m.m.a.RequestMappingHandlerMapping : Mapped "{[/customers/acphoto],methods=[GET]}" onto public void com.rab3tech.customer.ui.controller.CustomerUIController.findCustomerPhotoByAc(java.lang.String,javax.servlet.http.HttpServletResponse) throws java.io.IOException
2021-03-05 11:48:48.954  INFO 8165 --- [restartedMain] s.w.s.m.m.a.RequestMappingHandlerMapping : Mapped "{[/customer/account/enquiry || / || /mocha || /welcome],methods=[GET]}" onto public java.lang.String com.rab3tech.customer.ui.controller.CustomerUIController.showCustomerEnquiryPage(org.springframework.ui.Model)
2021-03-05 11:48:48.954  INFO 8165 --- [restartedMain] s.w.s.m.m.a.RequestMappingHandlerMapping : Mapped "{[/customer/account/enquiry],methods=[POST]}" onto public java.lang.String com.rab3tech.customer.ui.controller.CustomerUIController.submitEnquiryData(com.rab3tech.vo.CustomerSavingVO,org.springframework.validation.BindingResult,org.springframework.ui.Model)
2021-03-05 11:48:48.955  INFO 8165 --- [restartedMain] s.w.s.m.m.a.RequestMappingHandlerMapping : Mapped "{[/customer/app/status],methods=[GET]}" onto public java.lang.String com.rab3tech.customer.ui.controller.CustomerUIController.customerAppStatus()
2021-03-05 11:48:48.955  INFO 8165 --- [restartedMain] s.w.s.m.m.a.RequestMappingHandlerMapping : Mapped "{[/customer/customerSearch],methods=[GET]}" onto public java.lang.String com.rab3tech.customer.ui.controller.CustomerUIController.customerSearch(org.springframework.ui.Model)
2021-03-05 11:48:48.955  INFO 8165 --- [restartedMain] s.w.s.m.m.a.RequestMappingHandlerMapping : Mapped "{[/customer/addPayee],methods=[GET]}" onto public java.lang.String com.rab3tech.customer.ui.controller.CustomerUIController.customerAddPayee(org.springframework.ui.Model)
2021-03-05 11:48:48.956  INFO 8165 --- [restartedMain] s.w.s.m.m.a.RequestMappingHandlerMapping : Mapped "{[/customer/account/addPayee],methods=[POST]}" onto public java.lang.String com.rab3tech.customer.ui.controller.CustomerUIController.newPayee(com.rab3tech.vo.PayeeInfoVO,org.springframework.validation.BindingResult,javax.servlet.http.HttpSession,org.springframework.ui.Model)
2021-03-05 11:48:48.956  INFO 8165 --- [restartedMain] s.w.s.m.m.a.RequestMappingHandlerMapping : Mapped "{[/customer/pendingPayee],methods=[GET]}" onto public java.lang.String com.rab3tech.customer.ui.controller.CustomerUIController.pendinPayeeList(org.springframework.ui.Model)
2021-03-05 11:48:48.956  INFO 8165 --- [restartedMain] s.w.s.m.m.a.RequestMappingHandlerMapping : Mapped "{[/customer/registeredPayee],methods=[GET]}" onto public java.lang.String com.rab3tech.customer.ui.controller.CustomerUIController.registeredPayeeList(org.springframework.ui.Model)
2021-03-05 11:48:48.957  INFO 8165 --- [restartedMain] s.w.s.m.m.a.RequestMappingHandlerMapping : Mapped "{[/customer/fundTransfer],methods=[GET]}" onto public java.lang.String com.rab3tech.customer.ui.controller.CustomerUIController.fundTransfer(org.springframework.ui.Model)
2021-03-05 11:48:48.957  INFO 8165 --- [restartedMain] s.w.s.m.m.a.RequestMappingHandlerMapping : Mapped "{[/customer/fundTransfer],methods=[POST]}" onto public java.lang.String com.rab3tech.customer.ui.controller.CustomerUIController.fundTransferPost(com.rab3tech.vo.FundTransferVO,org.springframework.ui.Model)
2021-03-05 11:48:48.957  INFO 8165 --- [restartedMain] s.w.s.m.m.a.RequestMappingHandlerMapping : Mapped "{[/customer/fundTransferSubmit],methods=[POST]}" onto public java.lang.String com.rab3tech.customer.ui.controller.CustomerUIController.fundTransferSubmit(com.rab3tech.vo.FundTransferVO,org.springframework.ui.Model)
2021-03-05 11:48:48.957  INFO 8165 --- [restartedMain] s.w.s.m.m.a.RequestMappingHandlerMapping : Mapped "{[/customers/credit/card],methods=[GET]}" onto public void com.rab3tech.customer.ui.controller.CustomerUIController.findCustomerCreditCard(java.lang.String,java.lang.String,javax.servlet.http.HttpServletResponse) throws java.io.IOException
2021-03-05 11:48:48.959  INFO 8165 --- [restartedMain] s.w.s.m.m.a.RequestMappingHandlerMapping : Mapped "{[/customer/login || /logout/success || /clogin],methods=[GET]}" onto public java.lang.String com.rab3tech.user.ui.controller.LoginController.showCustomerLogin(boolean,org.springframework.ui.Model)
2021-03-05 11:48:48.959  INFO 8165 --- [restartedMain] s.w.s.m.m.a.RequestMappingHandlerMapping : Mapped "{[/cgmail || /technohunk],methods=[GET]}" onto public java.lang.String com.rab3tech.user.ui.controller.LoginController.testCustomerLogin(boolean,org.springframework.ui.Model)
2021-03-05 11:48:48.959  INFO 8165 --- [restartedMain] s.w.s.m.m.a.RequestMappingHandlerMapping : Mapped "{[/access/denied],methods=[GET]}" onto public java.lang.String com.rab3tech.user.ui.controller.LoginController.accessDenied(org.springframework.ui.Model)
2021-03-05 11:48:48.959  INFO 8165 --- [restartedMain] s.w.s.m.m.a.RequestMappingHandlerMapping : Mapped "{[/customer/locked],methods=[GET]}" onto public java.lang.String com.rab3tech.user.ui.controller.LoginController.customerLocked(org.springframework.ui.Model)
2021-03-05 11:48:48.960  INFO 8165 --- [restartedMain] s.w.s.m.m.a.RequestMappingHandlerMapping : Mapped "{[/customer/dashboard],methods=[GET]}" onto public java.lang.String com.rab3tech.user.ui.controller.LoginController.customerDashboard(org.springframework.ui.Model,javax.servlet.http.HttpSession)
2021-03-05 11:48:48.961  INFO 8165 --- [restartedMain] s.w.s.m.m.a.RequestMappingHandlerMapping : Mapped "{[/v3/security/uquestion],methods=[GET]}" onto public com.rab3tech.vo.ApplicationResponseVO com.rab3tech.admin.controller.CustomerSecurityQuesController.updateSecurityQuestionStatus(java.lang.String,int)
2021-03-05 11:48:48.964  INFO 8165 --- [restartedMain] s.w.s.m.m.a.RequestMappingHandlerMapping : Mapped "{[/v4/customers],methods=[GET]}" onto public java.util.List<com.rab3tech.vo.CustomerVO> com.rab3tech.admin.controller.CustomerTransactionController.findCustomers()
2021-03-05 11:48:48.968  INFO 8165 --- [restartedMain] s.w.s.m.m.a.RequestMappingHandlerMapping : Mapped "{[/v3/roles],methods=[GET]}" onto public java.util.List<com.rab3tech.vo.RoleVO> com.rab3tech.admin.controller.RoleController.getRoles()
2021-03-05 11:48:48.969  INFO 8165 --- [restartedMain] s.w.s.m.m.a.RequestMappingHandlerMapping : Mapped "{[/v3/customer/roles],methods=[PUT]}" onto public com.rab3tech.vo.ApplicationResponseVO com.rab3tech.admin.controller.RoleController.updateCustomerRoles(com.rab3tech.vo.RolesUpdateRequest)
2021-03-05 11:48:48.969  INFO 8165 --- [restartedMain] s.w.s.m.m.a.RequestMappingHandlerMapping : Mapped "{[/v3/roles/{rid}],methods=[GET]}" onto public com.rab3tech.vo.RoleVO com.rab3tech.admin.controller.RoleController.getRoleVO(int)
2021-03-05 11:48:48.970  INFO 8165 --- [restartedMain] s.w.s.m.m.a.RequestMappingHandlerMapping : Mapped "{[/v3/customer/roles],methods=[GET]}" onto public com.rab3tech.vo.RoleVOWrapper com.rab3tech.admin.controller.RoleController.getCustomerRoles(java.lang.String)
2021-03-05 11:48:48.974  INFO 8165 --- [restartedMain] s.w.s.m.m.a.RequestMappingHandlerMapping : Mapped "{[/v3/user/auth],methods=[POST]}" onto public com.rab3tech.vo.LoginVO com.rab3tech.auth.controller.AuthController.authUser(com.rab3tech.vo.LoginVO)
2021-03-05 11:48:48.975  INFO 8165 --- [restartedMain] s.w.s.m.m.a.RequestMappingHandlerMapping : Mapped "{[/v3/user/auth/{username}],methods=[GET]}" onto public com.rab3tech.vo.LoginVO com.rab3tech.auth.controller.AuthController.authUser(java.lang.String)
2021-03-05 11:48:48.976  INFO 8165 --- [restartedMain] s.w.s.m.m.a.RequestMappingHandlerMapping : Mapped "{[/v3/customers/enquiry],methods=[POST]}" onto public com.rab3tech.vo.CustomerSavingVO com.rab3tech.customer.controller.CustomerAccountEnquiryController.saveEnquiry(com.rab3tech.vo.CustomerSavingVO)
2021-03-05 11:48:48.977  INFO 8165 --- [restartedMain] s.w.s.m.m.a.RequestMappingHandlerMapping : Mapped "{[/v3/customers/enquiry],methods=[GET]}" onto public java.util.List<com.rab3tech.vo.CustomerSavingVO> com.rab3tech.customer.controller.CustomerAccountEnquiryController.getAllEnquiry()
2021-03-05 11:48:48.977  INFO 8165 --- [restartedMain] s.w.s.m.m.a.RequestMappingHandlerMapping : Mapped "{[/v3/customers/enquiry/pending],methods=[GET]}" onto public java.util.List<com.rab3tech.vo.CustomerSavingVO> com.rab3tech.customer.controller.CustomerAccountEnquiryController.getAllPendingEnquiry()
2021-03-05 11:48:48.978  INFO 8165 --- [restartedMain] s.w.s.m.m.a.RequestMappingHandlerMapping : Mapped "{[/v3/customers/enquiry/{csaid}],methods=[GET]}" onto public com.rab3tech.vo.CustomerSavingVO com.rab3tech.customer.controller.CustomerAccountEnquiryController.getEnquiry(int)
2021-03-05 11:48:48.980  INFO 8165 --- [restartedMain] s.w.s.m.m.a.RequestMappingHandlerMapping : Mapped "{[/v3/customer/from-to-accounts],methods=[GET]}" onto public com.rab3tech.vo.FromToAccountsVO com.rab3tech.customer.controller.CustomerFundTransferController.getCustomerFromToAccounts(java.lang.String)
2021-03-05 11:48:48.981  INFO 8165 --- [restartedMain] s.w.s.m.m.a.RequestMappingHandlerMapping : Mapped "{[/v3/transaction/otp],methods=[GET]}" onto public java.lang.String com.rab3tech.customer.controller.CustomerFundTransferController.transactionOtp(java.lang.String)
2021-03-05 11:48:48.988  INFO 8165 --- [restartedMain] s.w.s.m.m.a.RequestMappingHandlerMapping : Mapped "{[/v3/scustomers],methods=[GET]}" onto public java.util.List<com.rab3tech.vo.CustomerVO> com.rab3tech.customer.controller.CustomerRestController.searchCustomers(java.lang.String)
2021-03-05 11:48:48.989  INFO 8165 --- [restartedMain] s.w.s.m.m.a.RequestMappingHandlerMapping : Mapped "{[/v3/amount/words],methods=[GET]}" onto public java.lang.String com.rab3tech.customer.controller.CustomerRestController.convertAmountInWords(int)
2021-03-05 11:48:48.989  INFO 8165 --- [restartedMain] s.w.s.m.m.a.RequestMappingHandlerMapping : Mapped "{[/v3/customer/change/password],methods=[POST]}" onto public com.rab3tech.vo.ApplicationResponseVO com.rab3tech.customer.controller.CustomerRestController.updateCustomerPassword(com.rab3tech.vo.ChangePasswordRequestVO)
2021-03-05 11:48:48.991  INFO 8165 --- [restartedMain] s.w.s.m.m.a.RequestMappingHandlerMapping : Mapped "{[/v3/customer/passcode],methods=[GET]}" onto public com.rab3tech.vo.ApplicationResponseVO com.rab3tech.customer.controller.CustomerRestController.sendPassCode(java.lang.String)
2021-03-05 11:48:48.992  INFO 8165 --- [restartedMain] s.w.s.m.m.a.RequestMappingHandlerMapping : Mapped "{[/v3/user/login],methods=[POST]}" onto public com.rab3tech.vo.ApplicationResponseVO com.rab3tech.customer.controller.CustomerRestController.authUser(com.rab3tech.vo.LoginRequestVO)
2021-03-05 11:48:49.000  INFO 8165 --- [restartedMain] s.w.s.m.m.a.RequestMappingHandlerMapping : Mapped "{[/v3/customer/payee],methods=[PUT]}" onto public com.rab3tech.vo.ApplicationResponseVO com.rab3tech.customer.controller.CustomerStatusController.updateCustomerPayeee(com.rab3tech.vo.UpdatePayeeVO)
2021-03-05 11:48:49.001  INFO 8165 --- [restartedMain] s.w.s.m.m.a.RequestMappingHandlerMapping : Mapped "{[/v3/customer/payee/{payeeId}],methods=[DELETE]}" onto public com.rab3tech.vo.ApplicationResponseVO com.rab3tech.customer.controller.CustomerStatusController.deleteCustomerPayeee(int)
2021-03-05 11:48:49.001  INFO 8165 --- [restartedMain] s.w.s.m.m.a.RequestMappingHandlerMapping : Mapped "{[/v3/customer/app/status],methods=[GET]}" onto public com.rab3tech.vo.CustomerSavingVO com.rab3tech.customer.controller.CustomerStatusController.findCustomerStatus(java.lang.String)
2021-03-05 11:48:49.002  INFO 8165 --- [restartedMain] s.w.s.m.m.a.RequestMappingHandlerMapping : Mapped "{[/v3/customer/payee/approve],methods=[POST]}" onto public com.rab3tech.vo.ApplicationResponseVO com.rab3tech.customer.controller.CustomerStatusController.approveOrDisapprovePayee(com.rab3tech.vo.PayeeApproveVO)
2021-03-05 11:48:49.004  INFO 8165 --- [restartedMain] s.w.s.m.m.a.RequestMappingHandlerMapping : Mapped "{[/v3/customers/enquiry/approve],methods=[POST]}" onto public com.rab3tech.vo.ApplicationResponseVO com.rab3tech.employee.controller.EmployeeController.customerEnquiryApprove(int,javax.servlet.http.HttpServletRequest)
2021-03-05 11:48:49.014  INFO 8165 --- [restartedMain] s.w.s.m.m.a.RequestMappingHandlerMapping : Mapped "{[/swagger-resources/configuration/security]}" onto public org.springframework.http.ResponseEntity<springfox.documentation.swagger.web.SecurityConfiguration> springfox.documentation.swagger.web.ApiResourceController.securityConfiguration()
2021-03-05 11:48:49.015  INFO 8165 --- [restartedMain] s.w.s.m.m.a.RequestMappingHandlerMapping : Mapped "{[/swagger-resources/configuration/ui]}" onto public org.springframework.http.ResponseEntity<springfox.documentation.swagger.web.UiConfiguration> springfox.documentation.swagger.web.ApiResourceController.uiConfiguration()
2021-03-05 11:48:49.019  INFO 8165 --- [restartedMain] s.w.s.m.m.a.RequestMappingHandlerMapping : Mapped "{[/swagger-resources]}" onto public org.springframework.http.ResponseEntity<java.util.List<springfox.documentation.swagger.web.SwaggerResource>> springfox.documentation.swagger.web.ApiResourceController.swaggerResources()
2021-03-05 11:48:49.023  INFO 8165 --- [restartedMain] s.w.s.m.m.a.RequestMappingHandlerMapping : Mapped "{[/error]}" onto public org.springframework.http.ResponseEntity<java.util.Map<java.lang.String, java.lang.Object>> org.springframework.boot.autoconfigure.web.servlet.error.BasicErrorController.error(javax.servlet.http.HttpServletRequest)
2021-03-05 11:48:49.027  INFO 8165 --- [restartedMain] s.w.s.m.m.a.RequestMappingHandlerMapping : Mapped "{[/error],produces=[text/html]}" onto public org.springframework.web.servlet.ModelAndView org.springframework.boot.autoconfigure.web.servlet.error.BasicErrorController.errorHtml(javax.servlet.http.HttpServletRequest,javax.servlet.http.HttpServletResponse)
